<?xml version="1.0" encoding="UTF-8"?>
<testsuite xmlns:xsi="http://www.w3.org/2001/XMLSchema-instance" xsi:noNamespaceSchemaLocation="https://maven.apache.org/surefire/maven-surefire-plugin/xsd/surefire-test-report-3.0.xsd" version="3.0" name="openclaw.memory.store.FtsTokenizerTest" time="0.118" tests="11" errors="0" skipped="0" failures="0">
  <properties>
[...]
</properties>
  <testcase name="testCjkSupportWithIcuTokenizer" classname="openclaw.memory.store.FtsTokenizerTest" time="0.046"/>
  <testcase name="testDefaultTokenizerIsPorter" classname="openclaw.memory.store.FtsTokenizerTest" time="0.003"/>
  <testcase name="testSetTokenizer" classname="openclaw.memory.store.FtsTokenizerTest" time="0.002"/>
  <testcase name="testFtsEnabledByDefault" classname="openclaw.memory.store.FtsTokenizerTest" time="0.004"/>
  <testcase name="testSetFtsEnabled" classname="openclaw.memory.store.FtsTokenizerTest" time="0.002"/>
  <testcase name="testMemoryConfigFtsIntegration" classname="openclaw.memory.store.FtsTokenizerTest" time="0.001"/>
  <testcase name="testFtsOnlyDefaultIsFalse" classname="openclaw.memory.store.FtsTokenizerTest" time="0.002"/>
  <testcase name="testTokenizerEnumValues" classname="openclaw.memory.store.FtsTokenizerTest" time="0.002"/>
  <testcase name="testFtsTokenizerEnumUsage" classname="openclaw.memory.store.FtsTokenizerTest" time="0.001"/>
  <testcase name="testTrigramTokenizerForCjkFallback" classname="openclaw.memory.store.FtsTokenizerTest" time="0.0"/>
  <testcase name="testSetFtsOnly" classname="openclaw.memory.store.FtsTokenizerTest" time="0.001"/>
</testsuite>